<?xml version="1.0" encoding="UTF-8"?>
<testsuite xmlns:xsi="http://www.w3.org/2001/XMLSchema-instance" xsi:schemaLocation="https://maven.apache.org/surefire/maven-surefire-plugin/xsd/surefire-test-report.xsd" name="practicalsqa.runners.practicalsqaRunner" time="20.009" tests="5" errors="0" skipped="0" failures="0">
  <properties>
[...]
</properties>
  <testcase name="Given user is on the practicalsqa.net homepage" classname="Scenario: TC04 Verify password is NOT required &quot;Lesson 1&quot; from the page &quot;Begginnig Selenium Classes&quot;" time="0.006"/>
  <testcase name="And click on the picture &quot;Beginning Selenium Classes&quot;" classname="Scenario: TC04 Verify password is NOT required &quot;Lesson 1&quot; from the page &quot;Begginnig Selenium Classes&quot;" time="0"/>
  <testcase name="And click &quot;Lesson 1&quot; link" classname="Scenario: TC04 Verify password is NOT required &quot;Lesson 1&quot; from the page &quot;Begginnig Selenium Classes&quot;" time="0"/>
  <testcase name="Then user able to see material of the Lesson 1, password not required" classname="Scenario: TC04 Verify password is NOT required &quot;Lesson 1&quot; from the page &quot;Begginnig Selenium Classes&quot;" time="0"/>
  <testcase name="Scenario: TC04 Verify password is NOT required &quot;Lesson 1&quot; from the page &quot;Begginnig Selenium Classes&quot;" classname="Scenario: TC04 Verify password is NOT required &quot;Lesson 1&quot; from the page &quot;Begginnig Selenium Classes&quot;" time="0.752"/>
</testsuite>